<?xml version="1.0" encoding="UTF-8"?>
<!-- Generated by org.testng.reporters.JUnitReportReporter -->
<testsuite hostname="LAPTOP-HH42PB7Q" failures="0" tests="1" name="TestCases.TC_002_LoginTest" time="2.259" errors="0" timestamp="2024-07-11T21:35:31 IST" skipped="0">
  <testcase classname="TestCases.TC_002_LoginTest" name="verifyLogin" time="2.259"/>
</testsuite> <!-- TestCases.TC_002_LoginTest -->
