<?xml version="1.0" encoding="UTF-8"?>
<!-- Generated by org.testng.reporters.JUnitReportReporter -->
<testsuite hostname="LAPTOP-HH42PB7Q" failures="0" tests="1" name="TestCases.TC_001_AccountRegistrationTest" time="3.442" errors="0" timestamp="2024-07-11T21:35:31 IST" skipped="0">
  <testcase classname="TestCases.TC_001_AccountRegistrationTest" name="verify_account_registration" time="3.442"/>
</testsuite> <!-- TestCases.TC_001_AccountRegistrationTest -->
